time=2024-07-13T17:15:32.270+05:00 level=ERROR msg="pq: column \"username\" of relation \"users\" does not exist"
time=2024-07-13T17:18:16.709+05:00 level=ERROR msg="pq: column \"username\" of relation \"users\" does not exist"
time=2024-07-13T17:18:24.582+05:00 level=ERROR msg="pq: column \"username\" of relation \"users\" does not exist"
time=2024-07-13T17:18:25.347+05:00 level=ERROR msg="pq: column \"username\" of relation \"users\" does not exist"
time=2024-07-13T17:20:22.671+05:00 level=ERROR msg="pq: column \"password\" does not exist"
time=2024-07-13T17:22:12.272+05:00 level=ERROR msg="pq: column \"password\" does not exist"
time=2024-07-13T17:22:23.578+05:00 level=ERROR msg="pq: column \"deleted_at\" does not exist"
time=2024-07-13T17:33:58.393+05:00 level=ERROR msg="pq: column \"password\" of relation \"users\" does not exist"
time=2024-07-13T17:36:39.075+05:00 level=ERROR msg="pq: relation \"refresh_tokens\" does not exist"
time=2024-07-13T17:42:36.858+05:00 level=ERROR msg="pq: got 1 parameters but the statement requires 2"
time=2024-07-14T15:46:10.147+05:00 level=ERROR msg="Error with updating user" error="pq: syntax error at or near \"address\""
time=2024-07-14T15:50:52.867+05:00 level=ERROR msg="Error with updating user" error="pq: multiple assignments to same column \"full_name\""
time=2024-07-14T15:51:20.571+05:00 level=ERROR msg="Error with updating user" error="pq: multiple assignments to same column \"full_name\""
time=2024-07-14T15:57:49.617+05:00 level=ERROR msg="Error with updating user" error="pq: invalid input syntax for type uuid: \"string\""
time=2024-07-14T15:58:12.844+05:00 level=ERROR msg="Error with updating user" error="pq: duplicate key value violates unique constraint \"users_username_key\""
time=2024-07-14T15:58:24.278+05:00 level=ERROR msg="Error with updating user" error="pq: duplicate key value violates unique constraint \"users_email_key\""
time=2024-07-14T16:06:13.535+05:00 level=ERROR msg="Error with getting user" error="sql: no rows in result set"
time=2024-07-14T16:06:44.331+05:00 level=ERROR msg="Error with getting user" error="sql: Scan error on column index 6, name \"bio\": converting NULL to string is unsupported"
time=2024-07-14T16:09:20.683+05:00 level=ERROR msg="Error with getting user" error="sql: Scan error on column index 6, name \"bio\": converting NULL to string is unsupported"
time=2024-07-14T16:14:58.201+05:00 level=ERROR msg="Error with getting user" error="sql: Scan error on column index 6, name \"bio\": converting NULL to string is unsupported"
time=2024-07-14T16:15:32.100+05:00 level=ERROR msg="Error with getting user" error="sql: Scan error on column index 6, name \"bio\": converting NULL to string is unsupported"
time=2024-07-14T16:20:25.078+05:00 level=ERROR msg="Error with getting user" error="sql: Scan error on column index 6, name \"bio\": converting NULL to string is unsupported"
time=2024-07-14T16:20:53.165+05:00 level=ERROR msg="Error with getting user" error="sql: no rows in result set"
time=2024-07-14T16:27:25.377+05:00 level=ERROR msg="Error with creating kitchen" error="pq: relation \"kitchens\" does not exist"
time=2024-07-14T16:48:45.654+05:00 level=ERROR msg="Error with creating kitchen" error="pq: column \"kitchen_name\" of relation \"kitchens\" does not exist"
time=2024-07-14T16:50:30.289+05:00 level=ERROR msg="Error with creating kitchen" error="pq: column \"kitchen_name\" of relation \"kitchens\" does not exist"
time=2024-07-14T16:53:18.396+05:00 level=ERROR msg="Error with creating kitchen" error="pq: column \"kitchen_name\" of relation \"kitchens\" does not exist"
time=2024-07-14T16:53:35.013+05:00 level=ERROR msg="Error with creating kitchen" error="pq: column \"kitchen_name\" of relation \"kitchens\" does not exist"
time=2024-07-14T16:58:14.318+05:00 level=ERROR msg="Error with updating kitchen" error="pq: column \"kitchen_name\" of relation \"kitchens\" does not exist"
time=2024-07-14T17:16:23.078+05:00 level=ERROR msg="Error with getting kitchen" error="pq: column \"deleted_at\" does not exist"
time=2024-07-14T17:18:33.413+05:00 level=ERROR msg="Error with getting kitchen" error="sql: Scan error on column index 1, name \"owner_id\": converting NULL to string is unsupported"
time=2024-07-14T17:22:27.764+05:00 level=ERROR msg="Error with updating kitchen" error="pq: invalid input syntax for type uuid: \"string\""
time=2024-07-14T17:26:42.120+05:00 level=ERROR msg="Error with searching kitchens" error="pq: syntax error at or near \"ORDER\""
time=2024-07-14T17:30:47.007+05:00 level=ERROR msg="Error with getting kitchens" error="pq: column \"deleted_at\" does not exist"
time=2024-07-14T20:05:18.066+05:00 level=ERROR msg="Error with searching kitchens" error="sql: Scan error on column index 1, name \"owner_id\": converting NULL to string is unsupported"
time=2024-07-16T13:16:27.109+05:00 level=ERROR msg="email is required"
time=2024-07-16T13:19:23.773+05:00 level=ERROR msg="email is required"
time=2024-07-16T13:20:17.618+05:00 level=ERROR msg="open template.html: no such file or directory"
time=2024-07-16T13:21:36.850+05:00 level=ERROR msg="open template.html: no such file or directory"
time=2024-07-16T13:24:14.495+05:00 level=ERROR msg="open template.html: no such file or directory"
time=2024-07-16T13:31:19.337+05:00 level=ERROR msg="open template.html: no such file or directory"
time=2024-07-16T13:41:14.814+05:00 level=ERROR msg="email, code, and new password are required"
time=2024-07-16T13:45:08.996+05:00 level=ERROR msg="email, code, and new password are required"
time=2024-07-16T13:48:39.232+05:00 level=ERROR msg="failed to reset password"
time=2024-07-16T13:48:55.130+05:00 level=ERROR msg="failed to reset password"
time=2024-07-16T13:48:56.349+05:00 level=ERROR msg="failed to reset password"
time=2024-07-16T13:48:56.508+05:00 level=ERROR msg="failed to reset password"
time=2024-07-16T13:48:56.660+05:00 level=ERROR msg="failed to reset password"
time=2024-07-16T13:48:56.815+05:00 level=ERROR msg="failed to reset password"
time=2024-07-16T13:48:56.998+05:00 level=ERROR msg="failed to reset password"
time=2024-07-16T13:48:57.174+05:00 level=ERROR msg="failed to reset password"
time=2024-07-16T13:48:57.341+05:00 level=ERROR msg="failed to reset password"
time=2024-07-16T13:48:57.486+05:00 level=ERROR msg="failed to reset password"
time=2024-07-16T13:48:57.638+05:00 level=ERROR msg="failed to reset password"
time=2024-07-16T13:48:57.832+05:00 level=ERROR msg="failed to reset password"
time=2024-07-16T13:50:42.680+05:00 level=ERROR msg="password reset failed"
time=2024-07-16T14:05:00.615+05:00 level=ERROR msg="failed to send email: 553 5.1.3 The recipient address <zxcvbnm,.> is not a valid RFC 5321 address. For\n5.1.3 more information, go to\n5.1.3  https://support.google.com/a/answer/3221692 and review RFC 5321\n5.1.3 specifications. 2adb3069b0e04-52ed2532958sm1091006e87.224 - gsmtp"
time=2024-07-16T14:05:09.431+05:00 level=ERROR msg="failed to send email: 553 5.1.3 The recipient address <zxcvbnm> is not a valid RFC 5321 address. For\n5.1.3 more information, go to\n5.1.3  https://support.google.com/a/answer/3221692 and review RFC 5321\n5.1.3 specifications. 2adb3069b0e04-52ed252d6d9sm1094754e87.156 - gsmtp"
time=2024-07-16T14:05:58.265+05:00 level=ERROR msg="failed to send email: 553 5.1.3 The recipient address <zxcvbnm> is not a valid RFC 5321 address. For\n5.1.3 more information, go to\n5.1.3  https://support.google.com/a/answer/3221692 and review RFC 5321\n5.1.3 specifications. 2adb3069b0e04-52ed25391f5sm1094495e87.253 - gsmtp"
time=2024-07-16T14:07:00.834+05:00 level=ERROR msg="invalid password"
time=2024-07-16T14:23:20.152+05:00 level=ERROR msg="pq: duplicate key value violates unique constraint \"users_username_key\""
time=2024-07-16T14:25:03.310+05:00 level=ERROR msg="pq: column \"token\" does not exist"
time=2024-07-16T14:25:35.861+05:00 level=ERROR msg="pq: column \"token\" does not exist"
time=2024-07-16T14:25:42.377+05:00 level=ERROR msg="pq: column \"token\" does not exist"
time=2024-07-16T14:30:20.331+05:00 level=ERROR msg="pq: column \"token\" does not exist"
time=2024-07-16T14:35:32.600+05:00 level=ERROR msg="pq: got 1 parameters but the statement requires 2"
time=2024-07-16T14:36:45.342+05:00 level=ERROR msg="pq: invalid input syntax for type bigint: \"2024-07-16 14:36:45.342247932+05:00\""
time=2024-07-16T14:37:05.780+05:00 level=ERROR msg="pq: invalid input syntax for type bigint: \"2024-07-16 14:37:05.779988407+05:00\""
time=2024-07-16T14:38:01.712+05:00 level=ERROR msg="pq: invalid input syntax for type bigint: \"2024-07-16 14:38:01.712247994+05:00\""
time=2024-07-16T14:43:27.001+05:00 level=ERROR msg="invalid password"
time=2024-07-16T14:58:33.921+05:00 level=ERROR msg="Error with getting kitchens" error="pq: relation \"kitchens\" does not exist"
time=2024-07-16T14:58:34.026+05:00 level=ERROR msg="Error with getting kitchens" error="pq: relation \"kitchens\" does not exist"
time=2024-07-16T14:59:44.969+05:00 level=ERROR msg="Error with getting kitchens" error="pq: relation \"kitchens\" does not exist"
time=2024-07-16T15:04:25.217+05:00 level=ERROR msg="Error with getting kitchens" error="pq: relation \"kitchens\" does not exist"
time=2024-07-16T15:06:22.087+05:00 level=ERROR msg="Error with creating kitchen" error="pq: null value in column \"owner_id\" of relation \"kitchens_profile\" violates not-null constraint"
time=2024-07-16T15:51:48.402+05:00 level=ERROR msg="Error with updating user" error="pq: syntax error at or near \"bio\""
time=2024-07-16T15:52:47.806+05:00 level=ERROR msg="Error with updating user" error="pq: syntax error at or near \"bio\""
time=2024-07-16T15:53:04.146+05:00 level=ERROR msg="Error with updating user" error="pq: syntax error at or near \"specialties\""
time=2024-07-17T11:11:54.805+05:00 level=ERROR msg="Error with getting kitchen" error="sql: no rows in result set"
time=2024-07-17T11:31:21.736+05:00 level=ERROR msg="pq: relation \"users\" does not exist"
time=2024-07-17T11:38:43.348+05:00 level=ERROR msg="sql: no rows in result set"
time=2024-07-17T11:40:46.147+05:00 level=ERROR msg="Error with creating kitchen" error="pq: null value in column \"owner_id\" of relation \"kitchens\" violates not-null constraint"
time=2024-07-17T16:46:29.515+05:00 level=ERROR msg="pq: duplicate key value violates unique constraint \"users_username_key\""
time=2024-07-17T16:48:25.088+05:00 level=ERROR msg="Error with getting user" error="sql: Scan error on column index 5, name \"address\": converting NULL to string is unsupported"
time=2024-07-17T16:48:55.260+05:00 level=ERROR msg="Error with getting user" error="sql: Scan error on column index 5, name \"address\": converting NULL to string is unsupported"
time=2024-07-17T16:53:02.633+05:00 level=ERROR msg="Error with updating user" error="pq: duplicate key value violates unique constraint \"users_username_key\""
time=2024-07-17T16:53:16.717+05:00 level=ERROR msg="Error with updating user" error="pq: duplicate key value violates unique constraint \"users_email_key\""
time=2024-07-17T16:54:30.231+05:00 level=ERROR msg="Error with getting user" error="sql: no rows in result set"
time=2024-07-17T17:05:20.802+05:00 level=ERROR msg="invalid password"
time=2024-07-17T17:05:53.597+05:00 level=ERROR msg="sql: no rows in result set"
time=2024-07-17T17:06:00.751+05:00 level=ERROR msg="sql: no rows in result set"
time=2024-07-17T20:15:39.506+05:00 level=ERROR msg="sql: no rows in result set"
