time=2024-07-15T12:42:33.958+05:00 level=ERROR msg="sql: Scan error on column index 6, name \"ingredients\": unsupported Scan, storing driver.Value type []uint8 into type *[]string"
time=2024-07-15T12:54:37.114+05:00 level=ERROR msg="pq: syntax error at or near \"updated_at\""
time=2024-07-15T12:55:34.574+05:00 level=ERROR msg="pq: syntax error at or near \"updated_at\""
time=2024-07-15T16:16:04.980+05:00 level=ERROR msg="pq: invalid input syntax for type date: \"12/23\""
time=2024-07-15T17:07:00.218+05:00 level=ERROR msg="pq: INSERT has more target columns than expressions"
time=2024-07-15T17:09:00.240+05:00 level=ERROR msg="pq: numeric field overflow"
time=2024-07-15T17:09:41.308+05:00 level=ERROR msg="pq: invalid input syntax for type uuid: \"{id}\""
time=2024-07-15T17:10:27.218+05:00 level=ERROR msg="pq: invalid input syntax for type uuid: \"{id}\""
time=2024-07-15T17:19:31.947+05:00 level=ERROR msg="pq: invalid input syntax for type uuid: \"{id}\""
time=2024-07-15T17:22:18.953+05:00 level=ERROR msg="failed to execute query: pq: invalid input syntax for type uuid: \"{id}\""
time=2024-07-15T17:26:09.491+05:00 level=ERROR msg="failed to execute query: pq: invalid input syntax for type uuid: \"{id}\""
time=2024-07-15T17:26:09.705+05:00 level=ERROR msg="failed to execute query: pq: invalid input syntax for type uuid: \"{id}\""
time=2024-07-15T17:26:09.841+05:00 level=ERROR msg="failed to execute query: pq: invalid input syntax for type uuid: \"{id}\""
time=2024-07-15T17:26:09.999+05:00 level=ERROR msg="failed to execute query: pq: invalid input syntax for type uuid: \"{id}\""
time=2024-07-15T17:31:52.965+05:00 level=ERROR msg="failed to execute query: pq: invalid input syntax for type uuid: \"{id}\""
time=2024-07-15T17:33:14.986+05:00 level=ERROR msg="failed to execute query: pq: invalid input syntax for type uuid: \"\""
time=2024-07-16T10:52:48.823+05:00 level=ERROR msg="pq: relation \"orders\" does not exist"
time=2024-07-16T10:54:38.057+05:00 level=ERROR msg="pq: relation \"orders\" does not exist"
time=2024-07-16T10:55:55.092+05:00 level=ERROR msg="pq: relation \"orders\" does not exist"
time=2024-07-16T10:57:00.041+05:00 level=ERROR msg="pq: relation \"orders\" does not exist"
time=2024-07-16T10:57:00.832+05:00 level=ERROR msg="pq: relation \"orders\" does not exist"
time=2024-07-16T10:57:00.996+05:00 level=ERROR msg="pq: relation \"orders\" does not exist"
time=2024-07-16T10:57:01.150+05:00 level=ERROR msg="pq: relation \"orders\" does not exist"
time=2024-07-16T11:01:13.936+05:00 level=ERROR msg="parsing time \"2024-07-15 07:22:04.298124\": extra text: \" 07:22:04.298124\""
time=2024-07-16T12:16:18.837+05:00 level=ERROR msg="pq: invalid input syntax for type integer: \"thursday\""
time=2024-07-16T14:45:27.767+05:00 level=ERROR msg="pq: invalid input syntax for type uuid: \"{id}\""
time=2024-07-16T15:17:35.471+05:00 level=ERROR msg="pq: invalid input syntax for type timestamp: \"12:22\""
time=2024-07-16T15:21:22.596+05:00 level=ERROR msg="pq: insert or update on table \"orders\" violates foreign key constraint \"orders_kitchen_id_fkey\""
time=2024-07-16T15:34:20.645+05:00 level=ERROR msg="pq: invalid input syntax for type uuid: \"string\""
time=2024-07-16T15:34:42.872+05:00 level=ERROR msg="pq: value too long for type character varying(7)"
time=2024-07-16T15:35:28.019+05:00 level=ERROR msg="pq: value too long for type character varying(4)"
time=2024-07-16T15:35:55.447+05:00 level=ERROR msg="pq: value too long for type character varying(7)"
time=2024-07-16T15:36:10.808+05:00 level=ERROR msg="pq: value too long for type character varying(4)"
time=2024-07-16T18:30:40.256+05:00 level=ERROR msg="sql: no rows in result set"
time=2024-07-17T11:01:12.275+05:00 level=ERROR msg="pq: numeric field overflow"
time=2024-07-17T11:01:22.386+05:00 level=ERROR msg="pq: column \"kitchen_id\" does not exist"
time=2024-07-17T11:02:13.688+05:00 level=ERROR msg="pq: column \"kitchen_id\" does not exist"
time=2024-07-17T11:52:37.910+05:00 level=ERROR msg="pq: column \"kitchen_id\" does not exist"
time=2024-07-17T12:10:11.132+05:00 level=ERROR msg="pq: invalid input syntax for type uuid: \"string\""
time=2024-07-17T13:59:53.359+05:00 level=ERROR msg="pq: invalid input syntax for type uuid: \"string\""
time=2024-07-17T14:10:00.722+05:00 level=ERROR msg="pq: invalid input syntax for type uuid: \"ac1f993c-4d38-47e7-876a-41e0dd9b4ed\""
time=2024-07-17T14:13:05.515+05:00 level=ERROR msg="pq: missing FROM-clause entry for table \"o\""
time=2024-07-17T14:14:36.716+05:00 level=ERROR msg="sql: expected 2 destination arguments in Scan, not 3"
time=2024-07-17T14:15:49.162+05:00 level=ERROR msg="pq: column d.orders_count does not exist"
time=2024-07-17T14:16:48.025+05:00 level=ERROR msg="pq: column \"orders_count\" does not exist"
time=2024-07-17T14:19:05.651+05:00 level=ERROR msg="pq: column \"k.total_orders\" must appear in the GROUP BY clause or be used in an aggregate function"
time=2024-07-17T14:22:22.761+05:00 level=ERROR msg="pq: column o.dish_id does not exist"
time=2024-07-17T14:38:52.255+05:00 level=ERROR msg="pq: invalid input syntax for type uuid: \"string\""
time=2024-07-17T16:06:52.352+05:00 level=ERROR msg="pq: invalid input syntax for type uuid: \"60dca45f-917d-4f25-b590-1feef9\""
time=2024-07-17T17:20:48.780+05:00 level=ERROR msg="pq: column \"items\" does not exist"
time=2024-07-17T20:03:03.937+05:00 level=ERROR msg="pq: column \"items\" does not exist"
